{
  "RSpec": {
    "coverage": {
      "/Users/shivansh/development/TDD/movie_hall_management_system/config/environment.rb": [
        null,
        1,
        null,
        null,
        1
      ],
      "/Users/shivansh/development/TDD/movie_hall_management_system/config/application.rb": [
        1,
        null,
        1,
        null,
        null,
        null,
        1,
        null,
        1,
        1,
        null,
        null,
        null,
        null,
        null,
        null,
        null,
        null,
        null,
        null,
        null,
        null,
        null,
        1,
        null,
        null
      ],
      "/Users/shivansh/development/TDD/movie_hall_management_system/config/boot.rb": [
        1,
        null,
        1
      ],
      "/Users/shivansh/development/TDD/movie_hall_management_system/config/environments/test.rb": [
        1,
        null,
        null,
        null,
        null,
        null,
        null,
        1,
        null,
        null,
        null,
        null,
        1,
        null,
        null,
        1,
        1,
        null,
        null,
        1,
        1,
        null,
        null,
        1,
        null,
        null,
        1,
        null,
        null,
        null,
        null,
        1,
        null,
        null,
        1,
        null,
        null,
        1,
        null,
        null,
        null,
        null
      ],
      "/Users/shivansh/development/TDD/movie_hall_management_system/config/initializers/assets.rb": [
        null,
        null,
        null,
        1,
        null,
        null,
        null,
        null,
        null,
        null,
        null
      ],
      "/Users/shivansh/development/TDD/movie_hall_management_system/config/initializers/backtrace_silencers.rb": [
        null,
        null,
        null,
        null,
        null,
        null,
        null
      ],
      "/Users/shivansh/development/TDD/movie_hall_management_system/config/initializers/cookies_serializer.rb": [
        null,
        null,
        1
      ],
      "/Users/shivansh/development/TDD/movie_hall_management_system/config/initializers/filter_parameter_logging.rb": [
        null,
        null,
        null,
        1
      ],
      "/Users/shivansh/development/TDD/movie_hall_management_system/config/initializers/inflections.rb": [
        null,
        null,
        null,
        null,
        null,
        null,
        null,
        null,
        null,
        null,
        null,
        null,
        null,
        null,
        null,
        null
      ],
      "/Users/shivansh/development/TDD/movie_hall_management_system/config/initializers/mime_types.rb": [
        null,
        null,
        null,
        null
      ],
      "/Users/shivansh/development/TDD/movie_hall_management_system/config/initializers/session_store.rb": [
        null,
        null,
        1
      ],
      "/Users/shivansh/development/TDD/movie_hall_management_system/config/initializers/to_time_preserves_timezone.rb": [
        null,
        null,
        null,
        null,
        null,
        null,
        null,
        null,
        null,
        1
      ],
      "/Users/shivansh/development/TDD/movie_hall_management_system/config/initializers/wrap_parameters.rb": [
        null,
        null,
        null,
        null,
        null,
        null,
        1,
        1,
        null,
        null,
        null,
        null,
        null,
        null
      ],
      "/Users/shivansh/development/TDD/movie_hall_management_system/spec/factories/audis.rb": [
        1,
        1,
        30,
        1,
        null,
        null
      ],
      "/Users/shivansh/development/TDD/movie_hall_management_system/spec/factories/bookings.rb": [
        1,
        1,
        16,
        16,
        1,
        null,
        null
      ],
      "/Users/shivansh/development/TDD/movie_hall_management_system/spec/factories/movie_halls.rb": [
        1,
        1,
        1,
        1,
        1,
        null,
        null
      ],
      "/Users/shivansh/development/TDD/movie_hall_management_system/spec/factories/movies.rb": [
        1,
        1,
        1,
        1,
        1,
        null,
        null
      ],
      "/Users/shivansh/development/TDD/movie_hall_management_system/spec/factories/seats.rb": [
        1,
        1,
        14,
        1,
        1,
        null,
        null
      ],
      "/Users/shivansh/development/TDD/movie_hall_management_system/spec/factories/show_times.rb": [
        1,
        1,
        17,
        17,
        1,
        1,
        null,
        null
      ],
      "/Users/shivansh/development/TDD/movie_hall_management_system/spec/factories/tickets.rb": [
        1,
        1,
        8,
        8,
        8,
        null,
        null
      ],
      "/Users/shivansh/development/TDD/movie_hall_management_system/spec/factories/users.rb": [
        1,
        1,
        1,
        1,
        1,
        null,
        null
      ],
      "/Users/shivansh/development/TDD/movie_hall_management_system/config/routes.rb": [
        1,
        null,
        null,
        null,
        null,
        null,
        null,
        null,
        null,
        null,
        null,
        null,
        null,
        null,
        null,
        null,
        null,
        null,
        null,
        null,
        null,
        null,
        null,
        null,
        null,
        null,
        null,
        null,
        null,
        null,
        null,
        null,
        null,
        null,
        null,
        null,
        null,
        null,
        null,
        null,
        null,
        null,
        null,
        null,
        null,
        null,
        null,
        null,
        null,
        null,
        null,
        null,
        null,
        null,
        null,
        null
      ],
      "/Users/shivansh/development/TDD/movie_hall_management_system/app/helpers/application_helper.rb": [
        1,
        null
      ],
      "/Users/shivansh/development/TDD/movie_hall_management_system/app/models/audi.rb": [
        1,
        1,
        1,
        1,
        1,
        1,
        null
      ],
      "/Users/shivansh/development/TDD/movie_hall_management_system/spec/models/booking_spec.rb": [
        1,
        null,
        1,
        1,
        1,
        1,
        1,
        null,
        null,
        1,
        1,
        1,
        null,
        null,
        1,
        1,
        1,
        null,
        null,
        1,
        1,
        1,
        null,
        null,
        1,
        1,
        1,
        null,
        null,
        1,
        1,
        1,
        null,
        null,
        null,
        1,
        1,
        1,
        1,
        1,
        null,
        null,
        1,
        1,
        1,
        1,
        null,
        null,
        null
      ],
      "/Users/shivansh/development/TDD/movie_hall_management_system/app/models/booking.rb": [
        1,
        1,
        1,
        1,
        1,
        1,
        null
      ],
      "/Users/shivansh/development/TDD/movie_hall_management_system/spec/models/movie_hall_spec.rb": [
        1,
        null,
        1,
        1,
        1,
        1,
        1,
        null,
        null,
        1,
        1,
        1,
        null,
        null,
        1,
        1,
        1,
        null,
        null,
        1,
        1,
        1,
        null,
        null,
        1,
        1,
        1,
        null,
        null,
        1,
        1,
        1,
        null,
        null,
        null,
        1,
        1,
        1,
        1,
        1,
        1,
        null,
        null,
        null
      ],
      "/Users/shivansh/development/TDD/movie_hall_management_system/app/models/movie_hall.rb": [
        1,
        1,
        1,
        1,
        1,
        null
      ],
      "/Users/shivansh/development/TDD/movie_hall_management_system/spec/models/movie_spec.rb": [
        1,
        null,
        1,
        1,
        1,
        1,
        1,
        null,
        null,
        1,
        1,
        1,
        null,
        null,
        1,
        1,
        1,
        null,
        null,
        1,
        1,
        1,
        null,
        null,
        null,
        1,
        1,
        1,
        1,
        1,
        1,
        null,
        null,
        1,
        1,
        1,
        1,
        1,
        null,
        null,
        null
      ],
      "/Users/shivansh/development/TDD/movie_hall_management_system/app/models/movie.rb": [
        1,
        1,
        1,
        1,
        1,
        1,
        null
      ],
      "/Users/shivansh/development/TDD/movie_hall_management_system/spec/models/seat_spec.rb": [
        1,
        null,
        1,
        1,
        1,
        1,
        1,
        null,
        null,
        1,
        1,
        1,
        null,
        null,
        1,
        1,
        1,
        null,
        null,
        1,
        1,
        1,
        null,
        null,
        1,
        1,
        1,
        null,
        null,
        1,
        1,
        1,
        null,
        null,
        1,
        1,
        1,
        null,
        null,
        null,
        1,
        1,
        1,
        1,
        1,
        null,
        null,
        null
      ],
      "/Users/shivansh/development/TDD/movie_hall_management_system/app/models/seat.rb": [
        1,
        1,
        1,
        1,
        1,
        null
      ],
      "/Users/shivansh/development/TDD/movie_hall_management_system/spec/models/show_time_spec.rb": [
        1,
        null,
        1,
        1,
        1,
        1,
        1,
        null,
        null,
        1,
        1,
        1,
        null,
        null,
        1,
        1,
        1,
        null,
        null,
        1,
        1,
        1,
        null,
        null,
        1,
        1,
        1,
        null,
        null,
        1,
        1,
        1,
        null,
        null,
        1,
        1,
        1,
        null,
        null,
        null,
        1,
        1,
        1,
        1,
        1,
        null,
        null,
        1,
        1,
        1,
        1,
        null,
        null,
        null
      ],
      "/Users/shivansh/development/TDD/movie_hall_management_system/app/models/show_time.rb": [
        1,
        1,
        1,
        1,
        1,
        1,
        1,
        null
      ],
      "/Users/shivansh/development/TDD/movie_hall_management_system/spec/models/ticket_spec.rb": [
        1,
        null,
        1,
        1,
        1,
        1,
        1,
        null,
        null,
        1,
        1,
        1,
        null,
        null,
        1,
        1,
        1,
        null,
        null,
        1,
        1,
        1,
        null,
        null,
        1,
        1,
        1,
        null,
        null,
        1,
        1,
        1,
        null,
        null,
        1,
        1,
        1,
        null,
        null,
        null,
        1,
        1,
        1,
        1,
        1,
        null,
        null,
        1,
        1,
        1,
        1,
        null,
        null,
        1,
        1,
        1,
        1,
        null,
        null,
        null
      ],
      "/Users/shivansh/development/TDD/movie_hall_management_system/app/models/ticket.rb": [
        1,
        1,
        1,
        1,
        1,
        1,
        1,
        null
      ],
      "/Users/shivansh/development/TDD/movie_hall_management_system/spec/models/user_spec.rb": [
        1,
        null,
        1,
        1,
        1,
        1,
        1,
        null,
        null,
        1,
        1,
        1,
        null,
        null,
        1,
        1,
        1,
        null,
        null,
        1,
        1,
        1,
        null,
        null,
        1,
        1,
        1,
        null,
        null,
        1,
        1,
        1,
        null,
        null,
        1,
        1,
        1,
        null,
        null,
        null,
        1,
        1,
        1,
        1,
        1,
        1,
        null,
        null,
        null
      ],
      "/Users/shivansh/development/TDD/movie_hall_management_system/app/models/user.rb": [
        1,
        1,
        1,
        1,
        1,
        null
      ]
    },
    "timestamp": 1516252545
  }
}
